<?xml version="1.0" encoding="UTF-8" ?>
<testsuite tests="38" failures="0" name="com.tsg.mavenproject1.SimpleCalculatorJUnitTest" time="0.037" errors="0" skipped="0">
  <properties>
[...]
</properties>
  <testcase classname="com.tsg.mavenproject1.SimpleCalculatorJUnitTest" name="TestNegativeDividedByZero" time="0.013"/>
  <testcase classname="com.tsg.mavenproject1.SimpleCalculatorJUnitTest" name="TestZeroMinusPositive" time="0"/>
  <testcase classname="com.tsg.mavenproject1.SimpleCalculatorJUnitTest" name="TestZeroMinusNegative" time="0.001"/>
  <testcase classname="com.tsg.mavenproject1.SimpleCalculatorJUnitTest" name="TestZeroDividedByZero" time="0.001"/>
  <testcase classname="com.tsg.mavenproject1.SimpleCalculatorJUnitTest" name="TestNegativePlusZero" time="0"/>
  <testcase classname="com.tsg.mavenproject1.SimpleCalculatorJUnitTest" name="TestPositiveTimesZero" time="0"/>
  <testcase classname="com.tsg.mavenproject1.SimpleCalculatorJUnitTest" name="TestZeroTimesZero" time="0"/>
  <testcase classname="com.tsg.mavenproject1.SimpleCalculatorJUnitTest" name="TestPositiveDividedByPositive" time="0.001"/>
  <testcase classname="com.tsg.mavenproject1.SimpleCalculatorJUnitTest" name="TestPositiveDividedByNegative" time="0"/>
  <testcase classname="com.tsg.mavenproject1.SimpleCalculatorJUnitTest" name="TestPositivePlusZero" time="0"/>
  <testcase classname="com.tsg.mavenproject1.SimpleCalculatorJUnitTest" name="TestNegativeTimesZero" time="0"/>
  <testcase classname="com.tsg.mavenproject1.SimpleCalculatorJUnitTest" name="TestPositivePlusNegative" time="0.001"/>
  <testcase classname="com.tsg.mavenproject1.SimpleCalculatorJUnitTest" name="TestZeroMinusZero" time="0"/>
  <testcase classname="com.tsg.mavenproject1.SimpleCalculatorJUnitTest" name="TestPositiveTimesPositive" time="0.001"/>
  <testcase classname="com.tsg.mavenproject1.SimpleCalculatorJUnitTest" name="TestPositviePlusPositive" time="0.001"/>
  <testcase classname="com.tsg.mavenproject1.SimpleCalculatorJUnitTest" name="TestPositiveTimesNegative" time="0.004"/>
  <testcase classname="com.tsg.mavenproject1.SimpleCalculatorJUnitTest" name="TestZeroPlusZero" time="0.001"/>
  <testcase classname="com.tsg.mavenproject1.SimpleCalculatorJUnitTest" name="TestNegativeTimesPositive" time="0"/>
  <testcase classname="com.tsg.mavenproject1.SimpleCalculatorJUnitTest" name="TestBadRangeNormal" time="0.001"/>
  <testcase classname="com.tsg.mavenproject1.SimpleCalculatorJUnitTest" name="TestNegativeTimesNegative" time="0"/>
  <testcase classname="com.tsg.mavenproject1.SimpleCalculatorJUnitTest" name="TestPostivieMinusPositive" time="0.001"/>
  <testcase classname="com.tsg.mavenproject1.SimpleCalculatorJUnitTest" name="TestPostivieMinusZero" time="0"/>
  <testcase classname="com.tsg.mavenproject1.SimpleCalculatorJUnitTest" name="TestNegativeMinusZero" time="0.001"/>
  <testcase classname="com.tsg.mavenproject1.SimpleCalculatorJUnitTest" name="TestZeroTimesPositive" time="0.001"/>
  <testcase classname="com.tsg.mavenproject1.SimpleCalculatorJUnitTest" name="TestPostivieMinusNegative" time="0"/>
  <testcase classname="com.tsg.mavenproject1.SimpleCalculatorJUnitTest" name="TestZeroTimesNegative" time="0"/>
  <testcase classname="com.tsg.mavenproject1.SimpleCalculatorJUnitTest" name="TestZeroDividedByPositive" time="0.001"/>
  <testcase classname="com.tsg.mavenproject1.SimpleCalculatorJUnitTest" name="TestNegativeDividedByPositive" time="0"/>
  <testcase classname="com.tsg.mavenproject1.SimpleCalculatorJUnitTest" name="TestNormalRangeNormalStringOutOfRange" time="0.001"/>
  <testcase classname="com.tsg.mavenproject1.SimpleCalculatorJUnitTest" name="TestZeroDividedByNegative" time="0"/>
  <testcase classname="com.tsg.mavenproject1.SimpleCalculatorJUnitTest" name="TestNegativeDividedByNegative" time="0.001"/>
  <testcase classname="com.tsg.mavenproject1.SimpleCalculatorJUnitTest" name="TestNegativePlusPositive" time="0.001"/>
  <testcase classname="com.tsg.mavenproject1.SimpleCalculatorJUnitTest" name="TestZeroPlusPositive" time="0"/>
  <testcase classname="com.tsg.mavenproject1.SimpleCalculatorJUnitTest" name="TestPositiveDividedByZero" time="0.001"/>
  <testcase classname="com.tsg.mavenproject1.SimpleCalculatorJUnitTest" name="TestNegativePlusNegative" time="0.002"/>
  <testcase classname="com.tsg.mavenproject1.SimpleCalculatorJUnitTest" name="TestZeroPlusNegative" time="0.001"/>
  <testcase classname="com.tsg.mavenproject1.SimpleCalculatorJUnitTest" name="TestNegativeMinusPositive" time="0"/>
  <testcase classname="com.tsg.mavenproject1.SimpleCalculatorJUnitTest" name="TestNegativeMinusNegative" time="0.001"/>
</testsuite>